<?xml version="1.0" encoding="UTF-8"?>
<testsuite xmlns:xsi="http://www.w3.org/2001/XMLSchema-instance" xsi:noNamespaceSchemaLocation="https://maven.apache.org/surefire/maven-surefire-plugin/xsd/surefire-test-report.xsd" name="TestSuite" time="71.187" tests="2" errors="0" skipped="0" failures="1">
  <properties>
[...]
</properties>
  <testcase name="setup" classname="com.org.learningmaven.MyTest" time="59.216">
    <failure message="Timed out waiting 45 seconds for Firefox to start.&#10;Build info: version: &apos;3.14.0&apos;, revision: &apos;aacccce0&apos;, time: &apos;2018-08-02T20:19:58.91Z&apos;&#10;System info: host: &apos;ELCOT&apos;, ip: &apos;192.168.43.197&apos;, os.name: &apos;Windows 7&apos;, os.arch: &apos;amd64&apos;, os.version: &apos;6.1&apos;, java.version: &apos;1.8.0_171&apos;&#10;Driver info: driver.version: FirefoxDriver" type="org.openqa.selenium.WebDriverException">org.openqa.selenium.WebDriverException: 
Timed out waiting 45 seconds for Firefox to start.
Build info: version: '3.14.0', revision: 'aacccce0', time: '2018-08-02T20:19:58.91Z'
System info: host: 'ELCOT', ip: '192.168.43.197', os.name: 'Windows 7', os.arch: 'amd64', os.version: '6.1', java.version: '1.8.0_171'
Driver info: driver.version: FirefoxDriver
	at com.org.learningmaven.MyTest.setup(MyTest.java:18)
Caused by: org.openqa.selenium.net.UrlChecker$TimeoutException: Timed out waiting for [http://localhost:6333/hub/status] to be available after 45004 ms
	at com.org.learningmaven.MyTest.setup(MyTest.java:18)
Caused by: java.util.concurrent.TimeoutException
	at com.org.learningmaven.MyTest.setup(MyTest.java:18)
</failure>
    <system-out><![CDATA[MyTest class is exeuted
]]></system-out>
  </testcase>
  <testcase name="run" classname="com.org.learningmaven.MyclassTest" time="0.001"/>
</testsuite>